<?xml version="1.0" encoding="UTF-8"?>
<!-- Generated by org.testng.reporters.JUnitReportReporter -->
<testsuite hostname="DESKTOP-FK3HPDT" failures="0" tests="1" name="Test.Logintest" time="27.777" errors="0" timestamp="2023-07-28T12:08:20 IST" skipped="0">
  <testcase classname="Test.Logintest" name="login" time="27.777"/>
  <system-out/>
</testsuite> <!-- Test.Logintest -->
