<?xml version="1.0" encoding="UTF-8"?>
<!-- Generated by org.testng.reporters.JUnitReportReporter -->
<testsuite hostname="DESKTOP-FK3HPDT" failures="0" tests="2" name="Test.Producttest" time="43.044" errors="0" timestamp="2023-07-28T12:08:20 IST" skipped="0">
  <testcase classname="Test.Producttest" name="login" time="17.276"/>
  <system-out/>
  <testcase classname="Test.Producttest" name="testing" time="25.768"/>
  <system-out/>
</testsuite> <!-- Test.Producttest -->
